2022-07-15 11:14:08,238 INFO com.itgarden.exception.BillingExceptionHandler [http-nio-9595-exec-9] Clsss name java.lang.NullPointerException
2022-07-15 11:14:09,160 INFO com.itgarden.exception.BillingExceptionHandler [http-nio-9595-exec-9] type name java.lang.NullPointerException
2022-07-15 11:16:50,175 INFO org.springframework.boot.StartupInfoLogger [restartedMain] Starting BillingsystemApplication on DESKTOP-ISBHOH2 with PID 1632 (F:\IntelliJ Idea\intellij Workspace\billingsystem\target\classes started by MSD in F:\IntelliJ Idea\intellij Workspace\billingsystem)
2022-07-15 11:16:50,180 INFO org.springframework.boot.SpringApplication [restartedMain] No active profile set, falling back to default profiles: default
2022-07-15 11:17:33,343 INFO org.springframework.boot.StartupInfoLogger [restartedMain] Started BillingsystemApplication in 44.875 seconds (JVM running for 46.519)
2022-07-15 11:17:43,283 INFO org.springframework.boot.StartupInfoLogger [restartedMain] Starting BillingsystemApplication on DESKTOP-ISBHOH2 with PID 7884 (F:\IntelliJ Idea\intellij Workspace\billingsystem\target\classes started by MSD in F:\IntelliJ Idea\intellij Workspace\billingsystem)
2022-07-15 11:17:43,283 INFO org.springframework.boot.SpringApplication [restartedMain] No active profile set, falling back to default profiles: default
2022-07-15 11:18:46,395 INFO com.itgarden.exception.BillingExceptionHandler [http-nio-8080-exec-6] Clsss name java.lang.NullPointerException
2022-07-15 11:18:46,400 INFO com.itgarden.exception.BillingExceptionHandler [http-nio-8080-exec-6] type name java.lang.NullPointerException
2022-07-15 11:26:35,891 INFO org.springframework.boot.StartupInfoLogger [restartedMain] Starting BillingsystemApplication on DESKTOP-ISBHOH2 with PID 7884 (F:\IntelliJ Idea\intellij Workspace\billingsystem\target\classes started by MSD in F:\IntelliJ Idea\intellij Workspace\billingsystem)
2022-07-15 11:26:35,891 INFO org.springframework.boot.SpringApplication [restartedMain] No active profile set, falling back to default profiles: default
2022-07-15 11:26:47,587 INFO org.springframework.boot.StartupInfoLogger [restartedMain] Started BillingsystemApplication in 12.001 seconds (JVM running for 90125.618)
2022-07-15 11:26:52,229 INFO org.springframework.boot.StartupInfoLogger [restartedMain] Starting BillingsystemApplication on DESKTOP-ISBHOH2 with PID 7884 (F:\IntelliJ Idea\intellij Workspace\billingsystem\target\classes started by MSD in F:\IntelliJ Idea\intellij Workspace\billingsystem)
2022-07-15 11:26:52,229 INFO org.springframework.boot.SpringApplication [restartedMain] No active profile set, falling back to default profiles: default
2022-07-15 11:26:58,791 INFO org.springframework.boot.StartupInfoLogger [restartedMain] Started BillingsystemApplication in 6.627 seconds (JVM running for 90136.823)
2022-07-15 11:30:01,210 INFO org.springframework.boot.StartupInfoLogger [restartedMain] Starting BillingsystemApplication on DESKTOP-ISBHOH2 with PID 4040 (F:\IntelliJ Idea\intellij Workspace\billingsystem\target\classes started by MSD in F:\IntelliJ Idea\intellij Workspace\billingsystem)
2022-07-15 11:30:01,215 INFO org.springframework.boot.SpringApplication [restartedMain] No active profile set, falling back to default profiles: default
2022-07-15 11:31:08,423 INFO org.springframework.boot.StartupInfoLogger [restartedMain] Starting BillingsystemApplication on DESKTOP-ISBHOH2 with PID 376 (F:\IntelliJ Idea\intellij Workspace\billingsystem\target\classes started by MSD in F:\IntelliJ Idea\intellij Workspace\billingsystem)
2022-07-15 11:31:08,433 INFO org.springframework.boot.SpringApplication [restartedMain] No active profile set, falling back to default profiles: default
2022-07-15 11:32:06,153 INFO org.springframework.boot.StartupInfoLogger [restartedMain] Starting BillingsystemApplication on DESKTOP-ISBHOH2 with PID 9656 (F:\IntelliJ Idea\intellij Workspace\billingsystem\target\classes started by MSD in F:\IntelliJ Idea\intellij Workspace\billingsystem)
2022-07-15 11:32:06,153 INFO org.springframework.boot.SpringApplication [restartedMain] No active profile set, falling back to default profiles: default
2022-07-15 11:33:16,023 INFO org.springframework.boot.StartupInfoLogger [restartedMain] Starting BillingsystemApplication on DESKTOP-ISBHOH2 with PID 7884 (F:\IntelliJ Idea\intellij Workspace\billingsystem\target\classes started by MSD in F:\IntelliJ Idea\intellij Workspace\billingsystem)
2022-07-15 11:33:16,023 INFO org.springframework.boot.SpringApplication [restartedMain] No active profile set, falling back to default profiles: default
2022-07-15 11:33:23,678 INFO org.springframework.boot.StartupInfoLogger [restartedMain] Started BillingsystemApplication in 7.787 seconds (JVM running for 90521.712)
2022-07-15 11:33:27,233 INFO org.springframework.boot.StartupInfoLogger [restartedMain] Starting BillingsystemApplication on DESKTOP-ISBHOH2 with PID 8852 (F:\IntelliJ Idea\intellij Workspace\billingsystem\target\classes started by MSD in F:\IntelliJ Idea\intellij Workspace\billingsystem)
2022-07-15 11:33:27,238 INFO org.springframework.boot.SpringApplication [restartedMain] No active profile set, falling back to default profiles: default
2022-07-15 11:49:32,835 INFO org.springframework.boot.StartupInfoLogger [restartedMain] Starting BillingsystemApplication on DESKTOP-ISBHOH2 with PID 5500 (F:\IntelliJ Idea\intellij Workspace\billingsystem\target\classes started by MSD in F:\IntelliJ Idea\intellij Workspace\billingsystem)
2022-07-15 11:49:32,862 INFO org.springframework.boot.SpringApplication [restartedMain] No active profile set, falling back to default profiles: default
2022-07-15 11:50:36,354 INFO org.springframework.boot.StartupInfoLogger [restartedMain] Started BillingsystemApplication in 66.831 seconds (JVM running for 195.729)
2022-07-15 11:56:00,579 INFO org.springframework.boot.StartupInfoLogger [restartedMain] Starting BillingsystemApplication on DESKTOP-ISBHOH2 with PID 9524 (F:\IntelliJ Idea\intellij Workspace\billingsystem\target\classes started by MSD in F:\IntelliJ Idea\intellij Workspace\billingsystem)
2022-07-15 11:56:00,594 INFO org.springframework.boot.SpringApplication [restartedMain] No active profile set, falling back to default profiles: default
2022-07-15 11:56:21,431 INFO org.springframework.boot.StartupInfoLogger [restartedMain] Started BillingsystemApplication in 23.139 seconds (JVM running for 27.644)
2022-07-15 11:56:51,818 INFO com.itgarden.exception.BillingExceptionHandler [http-nio-8080-exec-4] Clsss name java.lang.NullPointerException
2022-07-15 11:56:51,823 INFO com.itgarden.exception.BillingExceptionHandler [http-nio-8080-exec-4] type name java.lang.NullPointerException
2022-07-15 12:06:21,884 INFO org.springframework.boot.StartupInfoLogger [restartedMain] Starting BillingsystemApplication on DESKTOP-ISBHOH2 with PID 5516 (F:\IntelliJ Idea\intellij Workspace\billingsystem\target\classes started by MSD in F:\IntelliJ Idea\intellij Workspace\billingsystem)
2022-07-15 12:06:21,906 INFO org.springframework.boot.SpringApplication [restartedMain] No active profile set, falling back to default profiles: default
2022-07-15 12:06:41,536 INFO org.springframework.boot.StartupInfoLogger [restartedMain] Started BillingsystemApplication in 21.995 seconds (JVM running for 25.258)
2022-07-15 12:07:24,181 INFO com.itgarden.exception.BillingExceptionHandler [http-nio-8080-exec-5] Clsss name java.lang.NullPointerException
2022-07-15 12:07:24,182 INFO com.itgarden.exception.BillingExceptionHandler [http-nio-8080-exec-5] type name java.lang.NullPointerException
2022-07-15 12:38:33,370 INFO org.springframework.boot.StartupInfoLogger [restartedMain] Starting BillingsystemApplication on DESKTOP-ISBHOH2 with PID 5800 (F:\IntelliJ Idea\intellij Workspace\billingsystem\target\classes started by MSD in F:\IntelliJ Idea\intellij Workspace\billingsystem)
2022-07-15 12:38:33,405 INFO org.springframework.boot.SpringApplication [restartedMain] No active profile set, falling back to default profiles: default
2022-07-15 12:38:54,809 INFO org.springframework.boot.StartupInfoLogger [restartedMain] Started BillingsystemApplication in 24.599 seconds (JVM running for 28.233)
2022-07-15 12:54:01,948 INFO org.springframework.boot.StartupInfoLogger [restartedMain] Starting BillingsystemApplication on DESKTOP-ISBHOH2 with PID 7508 (F:\IntelliJ Idea\intellij Workspace\billingsystem\target\classes started by MSD in F:\IntelliJ Idea\intellij Workspace\billingsystem)
2022-07-15 12:54:02,013 INFO org.springframework.boot.SpringApplication [restartedMain] No active profile set, falling back to default profiles: default
2022-07-15 12:54:23,449 INFO org.springframework.boot.StartupInfoLogger [restartedMain] Started BillingsystemApplication in 24.132 seconds (JVM running for 26.017)
2022-07-15 12:55:04,932 INFO com.itgarden.exception.BillingExceptionHandler [http-nio-8080-exec-7] Clsss name java.lang.NullPointerException
2022-07-15 12:55:04,933 INFO com.itgarden.exception.BillingExceptionHandler [http-nio-8080-exec-7] type name java.lang.NullPointerException
2022-07-15 12:56:12,604 INFO com.itgarden.exception.BillingExceptionHandler [http-nio-8080-exec-10] Clsss name java.lang.NullPointerException
2022-07-15 12:56:12,605 INFO com.itgarden.exception.BillingExceptionHandler [http-nio-8080-exec-10] type name java.lang.NullPointerException
2022-07-15 12:59:21,190 INFO com.itgarden.exception.BillingExceptionHandler [http-nio-8080-exec-4] Clsss name java.lang.NullPointerException
2022-07-15 12:59:21,191 INFO com.itgarden.exception.BillingExceptionHandler [http-nio-8080-exec-4] type name java.lang.NullPointerException
2022-07-15 12:59:33,666 INFO com.itgarden.exception.BillingExceptionHandler [http-nio-8080-exec-10] Clsss name java.lang.NullPointerException
2022-07-15 12:59:33,667 INFO com.itgarden.exception.BillingExceptionHandler [http-nio-8080-exec-10] type name java.lang.NullPointerException
2022-07-15 13:08:58,437 INFO org.springframework.boot.StartupInfoLogger [restartedMain] Starting BillingsystemApplication on DESKTOP-ISBHOH2 with PID 9784 (F:\IntelliJ Idea\intellij Workspace\billingsystem\target\classes started by MSD in F:\IntelliJ Idea\intellij Workspace\billingsystem)
2022-07-15 13:08:58,442 INFO org.springframework.boot.SpringApplication [restartedMain] No active profile set, falling back to default profiles: default
2022-07-15 13:09:18,731 INFO org.springframework.boot.StartupInfoLogger [restartedMain] Started BillingsystemApplication in 21.856 seconds (JVM running for 24.188)
2022-07-15 13:09:56,936 INFO com.itgarden.exception.BillingExceptionHandler [http-nio-8080-exec-5] Clsss name java.lang.NullPointerException
2022-07-15 13:09:56,937 INFO com.itgarden.exception.BillingExceptionHandler [http-nio-8080-exec-5] type name java.lang.NullPointerException
2022-07-15 13:12:19,235 INFO com.itgarden.exception.BillingExceptionHandler [http-nio-8080-exec-8] Clsss name java.lang.NullPointerException
2022-07-15 13:12:19,236 INFO com.itgarden.exception.BillingExceptionHandler [http-nio-8080-exec-8] type name java.lang.NullPointerException
2022-07-15 13:12:22,458 INFO com.itgarden.exception.BillingExceptionHandler [http-nio-8080-exec-10] Clsss name java.lang.NullPointerException
2022-07-15 13:12:22,459 INFO com.itgarden.exception.BillingExceptionHandler [http-nio-8080-exec-10] type name java.lang.NullPointerException
2022-07-15 14:42:25,130 INFO org.springframework.boot.StartupInfoLogger [restartedMain] Starting BillingsystemApplication on DESKTOP-ISBHOH2 with PID 2040 (F:\IntelliJ Idea\intellij Workspace\billingsystem\target\classes started by MSD in F:\IntelliJ Idea\intellij Workspace\billingsystem)
2022-07-15 14:42:25,217 INFO org.springframework.boot.SpringApplication [restartedMain] No active profile set, falling back to default profiles: default
2022-07-15 14:43:01,198 INFO org.springframework.boot.StartupInfoLogger [restartedMain] Started BillingsystemApplication in 44.58 seconds (JVM running for 51.049)
2022-07-15 14:51:15,687 INFO org.springframework.boot.StartupInfoLogger [restartedMain] Starting BillingsystemApplication on DESKTOP-ISBHOH2 with PID 7852 (F:\IntelliJ Idea\intellij Workspace\billingsystem\target\classes started by MSD in F:\IntelliJ Idea\intellij Workspace\billingsystem)
2022-07-15 14:51:15,710 INFO org.springframework.boot.SpringApplication [restartedMain] No active profile set, falling back to default profiles: default
2022-07-15 14:51:38,122 INFO org.springframework.boot.StartupInfoLogger [restartedMain] Started BillingsystemApplication in 25.272 seconds (JVM running for 27.691)
2022-07-15 15:19:16,664 INFO org.springframework.boot.StartupInfoLogger [restartedMain] Starting BillingsystemApplication on DESKTOP-ISBHOH2 with PID 7348 (F:\IntelliJ Idea\intellij Workspace\billingsystem\target\classes started by MSD in F:\IntelliJ Idea\intellij Workspace\billingsystem)
2022-07-15 15:19:16,674 INFO org.springframework.boot.SpringApplication [restartedMain] No active profile set, falling back to default profiles: default
2022-07-15 15:19:51,713 INFO org.springframework.boot.StartupInfoLogger [restartedMain] Started BillingsystemApplication in 42.469 seconds (JVM running for 48.478)
2022-07-15 15:22:49,626 INFO org.springframework.boot.StartupInfoLogger [restartedMain] Starting BillingsystemApplication on DESKTOP-ISBHOH2 with PID 6108 (F:\IntelliJ Idea\intellij Workspace\billingsystem\target\classes started by MSD in F:\IntelliJ Idea\intellij Workspace\billingsystem)
2022-07-15 15:22:49,641 INFO org.springframework.boot.SpringApplication [restartedMain] No active profile set, falling back to default profiles: default
2022-07-15 15:23:07,226 INFO org.springframework.boot.StartupInfoLogger [restartedMain] Started BillingsystemApplication in 20.201 seconds (JVM running for 23.041)
2022-07-15 15:28:18,588 INFO org.springframework.boot.StartupInfoLogger [restartedMain] Starting BillingsystemApplication on DESKTOP-ISBHOH2 with PID 8624 (F:\IntelliJ Idea\intellij Workspace\billingsystem\target\classes started by MSD in F:\IntelliJ Idea\intellij Workspace\billingsystem)
2022-07-15 15:28:18,593 INFO org.springframework.boot.SpringApplication [restartedMain] No active profile set, falling back to default profiles: default
2022-07-15 15:28:38,036 INFO org.springframework.boot.StartupInfoLogger [restartedMain] Started BillingsystemApplication in 27.452 seconds (JVM running for 32.182)
2022-07-15 15:38:05,165 INFO org.springframework.boot.StartupInfoLogger [restartedMain] Starting BillingsystemApplication on DESKTOP-ISBHOH2 with PID 4728 (F:\IntelliJ Idea\intellij Workspace\billingsystem\target\classes started by MSD in F:\IntelliJ Idea\intellij Workspace\billingsystem)
2022-07-15 15:38:05,180 INFO org.springframework.boot.SpringApplication [restartedMain] No active profile set, falling back to default profiles: default
2022-07-15 15:38:28,230 INFO org.springframework.boot.StartupInfoLogger [restartedMain] Started BillingsystemApplication in 25.85 seconds (JVM running for 28.988)
2022-07-15 15:39:07,861 INFO com.itgarden.exception.BillingExceptionHandler [http-nio-8080-exec-5] Clsss name java.lang.NullPointerException
2022-07-15 15:39:07,861 INFO com.itgarden.exception.BillingExceptionHandler [http-nio-8080-exec-5] type name java.lang.NullPointerException
2022-07-15 15:41:36,641 INFO com.itgarden.exception.BillingExceptionHandler [http-nio-8080-exec-2] Clsss name java.lang.NullPointerException
2022-07-15 15:41:36,646 INFO com.itgarden.exception.BillingExceptionHandler [http-nio-8080-exec-2] type name java.lang.NullPointerException
2022-07-15 16:16:03,907 INFO org.springframework.boot.StartupInfoLogger [restartedMain] Starting BillingsystemApplication on DESKTOP-ISBHOH2 with PID 13824 (F:\IntelliJ Idea\intellij Workspace\billingsystem\target\classes started by MSD in F:\IntelliJ Idea\intellij Workspace\billingsystem)
2022-07-15 16:16:03,932 INFO org.springframework.boot.SpringApplication [restartedMain] No active profile set, falling back to default profiles: default
2022-07-15 16:16:43,783 INFO org.springframework.boot.StartupInfoLogger [restartedMain] Started BillingsystemApplication in 47.374 seconds (JVM running for 53.855)
2022-07-15 16:17:37,941 INFO com.itgarden.exception.BillingExceptionHandler [http-nio-8080-exec-5] Clsss name java.lang.NullPointerException
2022-07-15 16:17:37,994 INFO com.itgarden.exception.BillingExceptionHandler [http-nio-8080-exec-5] type name java.lang.NullPointerException
2022-07-15 16:19:16,439 INFO org.springframework.boot.StartupInfoLogger [restartedMain] Starting BillingsystemApplication on DESKTOP-ISBHOH2 with PID 5772 (F:\IntelliJ Idea\intellij Workspace\billingsystem\target\classes started by MSD in F:\IntelliJ Idea\intellij Workspace\billingsystem)
2022-07-15 16:19:16,459 INFO org.springframework.boot.SpringApplication [restartedMain] No active profile set, falling back to default profiles: default
2022-07-15 16:19:33,827 INFO org.springframework.boot.StartupInfoLogger [restartedMain] Started BillingsystemApplication in 22.064 seconds (JVM running for 24.986)
2022-07-15 16:24:47,677 INFO org.springframework.boot.StartupInfoLogger [restartedMain] Starting BillingsystemApplication on DESKTOP-ISBHOH2 with PID 6640 (F:\IntelliJ Idea\intellij Workspace\billingsystem\target\classes started by MSD in F:\IntelliJ Idea\intellij Workspace\billingsystem)
2022-07-15 16:24:47,697 INFO org.springframework.boot.SpringApplication [restartedMain] No active profile set, falling back to default profiles: default
2022-07-15 16:25:04,575 INFO org.springframework.boot.StartupInfoLogger [restartedMain] Started BillingsystemApplication in 20.062 seconds (JVM running for 22.195)
2022-07-15 16:28:21,355 INFO org.springframework.boot.StartupInfoLogger [restartedMain] Starting BillingsystemApplication on DESKTOP-ISBHOH2 with PID 2520 (F:\IntelliJ Idea\intellij Workspace\billingsystem\target\classes started by MSD in F:\IntelliJ Idea\intellij Workspace\billingsystem)
2022-07-15 16:28:21,355 INFO org.springframework.boot.SpringApplication [restartedMain] No active profile set, falling back to default profiles: default
2022-07-15 16:28:37,443 INFO org.springframework.boot.StartupInfoLogger [restartedMain] Started BillingsystemApplication in 17.563 seconds (JVM running for 19.164)
2022-07-15 16:31:22,322 INFO org.springframework.boot.StartupInfoLogger [restartedMain] Starting BillingsystemApplication on DESKTOP-ISBHOH2 with PID 1364 (F:\IntelliJ Idea\intellij Workspace\billingsystem\target\classes started by MSD in F:\IntelliJ Idea\intellij Workspace\billingsystem)
2022-07-15 16:31:22,327 INFO org.springframework.boot.SpringApplication [restartedMain] No active profile set, falling back to default profiles: default
2022-07-15 16:31:38,153 INFO org.springframework.boot.StartupInfoLogger [restartedMain] Started BillingsystemApplication in 17.559 seconds (JVM running for 19.223)
2022-07-15 16:35:08,443 INFO org.springframework.boot.StartupInfoLogger [restartedMain] Starting BillingsystemApplication on DESKTOP-ISBHOH2 with PID 3528 (F:\IntelliJ Idea\intellij Workspace\billingsystem\target\classes started by MSD in F:\IntelliJ Idea\intellij Workspace\billingsystem)
2022-07-15 16:35:08,448 INFO org.springframework.boot.SpringApplication [restartedMain] No active profile set, falling back to default profiles: default
2022-07-15 16:35:24,244 INFO org.springframework.boot.StartupInfoLogger [restartedMain] Started BillingsystemApplication in 17.258 seconds (JVM running for 18.777)
2022-07-15 16:37:47,324 INFO org.springframework.boot.StartupInfoLogger [restartedMain] Starting BillingsystemApplication on DESKTOP-ISBHOH2 with PID 7952 (F:\IntelliJ Idea\intellij Workspace\billingsystem\target\classes started by MSD in F:\IntelliJ Idea\intellij Workspace\billingsystem)
2022-07-15 16:37:47,329 INFO org.springframework.boot.SpringApplication [restartedMain] No active profile set, falling back to default profiles: default
2022-07-15 16:38:02,940 INFO org.springframework.boot.StartupInfoLogger [restartedMain] Started BillingsystemApplication in 17.185 seconds (JVM running for 18.766)
2022-07-15 16:55:45,245 INFO org.springframework.boot.StartupInfoLogger [restartedMain] Starting BillingsystemApplication on DESKTOP-ISBHOH2 with PID 13280 (F:\IntelliJ Idea\intellij Workspace\billingsystem\target\classes started by MSD in F:\IntelliJ Idea\intellij Workspace\billingsystem)
2022-07-15 16:55:45,307 INFO org.springframework.boot.SpringApplication [restartedMain] No active profile set, falling back to default profiles: default
2022-07-15 16:56:17,968 INFO org.springframework.boot.StartupInfoLogger [restartedMain] Started BillingsystemApplication in 40.425 seconds (JVM running for 46.21)
2022-07-15 16:57:23,636 INFO com.itgarden.exception.BillingExceptionHandler [http-nio-8080-exec-8] Clsss name java.lang.NullPointerException
2022-07-15 16:57:23,638 INFO com.itgarden.exception.BillingExceptionHandler [http-nio-8080-exec-8] type name java.lang.NullPointerException
